<?xml version="1.0" encoding="UTF-8"?>
<testng-results ignored="0" total="1" passed="1" failed="0" skipped="0">
  <reporter-output>
  </reporter-output>
  <suite started-at="2022-07-14T00:29:15 IST" name="Default suite" finished-at="2022-07-14T00:29:23 IST" duration-ms="7756">
    <groups>
    </groups>
    <test started-at="2022-07-14T00:29:15 IST" name="Default test" finished-at="2022-07-14T00:29:23 IST" duration-ms="7756">
      <class name="Login.TC2_VerifyLogin">
        <test-method signature="verifyLogin()[pri:0, instance:Login.TC2_VerifyLogin@33990a0c]" started-at="2022-07-14T00:29:16 IST" name="verifyLogin" finished-at="2022-07-14T00:29:23 IST" duration-ms="7706" status="PASS">
          <reporter-output>
          </reporter-output>
        </test-method> <!-- verifyLogin -->
      </class> <!-- Login.TC2_VerifyLogin -->
    </test> <!-- Default test -->
  </suite> <!-- Default suite -->
</testng-results>
